<?xml version="1.0" encoding="UTF-8"?>
<testsuite xmlns:xsi="http://www.w3.org/2001/XMLSchema-instance" xsi:noNamespaceSchemaLocation="https://maven.apache.org/surefire/maven-surefire-plugin/xsd/surefire-test-report.xsd" name="com.example.avro.AppTest" time="0.078" tests="1" errors="0" skipped="0" failures="0">
  <properties>
    <property name="awt.toolkit" value="sun.awt.X11.XToolkit"/>
    <property name="java.specification.version" value="11"/>
    <property name="sun.cpu.isalist" value=""/>
    <property name="sun.jnu.encoding" value="UTF-8"/>
    <property name="java.class.path" value="/workspaces/dapr-kubernetes/avro-producer/target/test-classes:/workspaces/dapr-kubernetes/avro-producer/target/classes:/home/vscode/.m2/repository/org/apache/avro/avro/1.10.2/avro-1.10.2.jar:/home/vscode/.m2/repository/com/fasterxml/jackson/core/jackson-core/2.12.2/jackson-core-2.12.2.jar:/home/vscode/.m2/repository/com/fasterxml/jackson/core/jackson-databind/2.12.2/jackson-databind-2.12.2.jar:/home/vscode/.m2/repository/com/fasterxml/jackson/core/jackson-annotations/2.12.2/jackson-annotations-2.12.2.jar:/home/vscode/.m2/repository/org/apache/commons/commons-compress/1.20/commons-compress-1.20.jar:/home/vscode/.m2/repository/org/slf4j/slf4j-api/1.7.30/slf4j-api-1.7.30.jar:/home/vscode/.m2/repository/org/apache/avro/avro-compiler/1.10.2/avro-compiler-1.10.2.jar:/home/vscode/.m2/repository/org/apache/commons/commons-lang3/3.12.0/commons-lang3-3.12.0.jar:/home/vscode/.m2/repository/org/apache/velocity/velocity-engine-core/2.3/velocity-engine-core-2.3.jar:/home/vscode/.m2/repository/org/apache/avro/avro-maven-plugin/1.10.2/avro-maven-plugin-1.10.2.jar:/home/vscode/.m2/repository/org/apache/maven/maven-core/3.3.9/maven-core-3.3.9.jar:/home/vscode/.m2/repository/org/apache/maven/maven-model/3.3.9/maven-model-3.3.9.jar:/home/vscode/.m2/repository/org/apache/maven/maven-settings/3.3.9/maven-settings-3.3.9.jar:/home/vscode/.m2/repository/org/apache/maven/maven-settings-builder/3.3.9/maven-settings-builder-3.3.9.jar:/home/vscode/.m2/repository/org/apache/maven/maven-builder-support/3.3.9/maven-builder-support-3.3.9.jar:/home/vscode/.m2/repository/org/apache/maven/maven-repository-metadata/3.3.9/maven-repository-metadata-3.3.9.jar:/home/vscode/.m2/repository/org/apache/maven/maven-artifact/3.3.9/maven-artifact-3.3.9.jar:/home/vscode/.m2/repository/org/apache/maven/maven-plugin-api/3.3.9/maven-plugin-api-3.3.9.jar:/home/vscode/.m2/repository/org/apache/maven/maven-model-builder/3.3.9/maven-model-builder-3.3.9.jar:/home/vscode/.m2/repository/com/google/guava/guava/18.0/guava-18.0.jar:/home/vscode/.m2/repository/org/apache/maven/maven-aether-provider/3.3.9/maven-aether-provider-3.3.9.jar:/home/vscode/.m2/repository/org/eclipse/aether/aether-spi/1.0.2.v20150114/aether-spi-1.0.2.v20150114.jar:/home/vscode/.m2/repository/org/eclipse/aether/aether-impl/1.0.2.v20150114/aether-impl-1.0.2.v20150114.jar:/home/vscode/.m2/repository/org/eclipse/aether/aether-api/1.0.2.v20150114/aether-api-1.0.2.v20150114.jar:/home/vscode/.m2/repository/org/eclipse/aether/aether-util/1.0.2.v20150114/aether-util-1.0.2.v20150114.jar:/home/vscode/.m2/repository/org/eclipse/sisu/org.eclipse.sisu.plexus/0.3.2/org.eclipse.sisu.plexus-0.3.2.jar:/home/vscode/.m2/repository/javax/enterprise/cdi-api/1.0/cdi-api-1.0.jar:/home/vscode/.m2/repository/javax/annotation/jsr250-api/1.0/jsr250-api-1.0.jar:/home/vscode/.m2/repository/org/eclipse/sisu/org.eclipse.sisu.inject/0.3.2/org.eclipse.sisu.inject-0.3.2.jar:/home/vscode/.m2/repository/com/google/inject/guice/4.0/guice-4.0-no_aop.jar:/home/vscode/.m2/repository/javax/inject/javax.inject/1/javax.inject-1.jar:/home/vscode/.m2/repository/aopalliance/aopalliance/1.0/aopalliance-1.0.jar:/home/vscode/.m2/repository/org/codehaus/plexus/plexus-interpolation/1.21/plexus-interpolation-1.21.jar:/home/vscode/.m2/repository/org/codehaus/plexus/plexus-utils/3.0.22/plexus-utils-3.0.22.jar:/home/vscode/.m2/repository/org/codehaus/plexus/plexus-classworlds/2.5.2/plexus-classworlds-2.5.2.jar:/home/vscode/.m2/repository/org/codehaus/plexus/plexus-component-annotations/1.6/plexus-component-annotations-1.6.jar:/home/vscode/.m2/repository/org/sonatype/plexus/plexus-sec-dispatcher/1.3/plexus-sec-dispatcher-1.3.jar:/home/vscode/.m2/repository/org/sonatype/plexus/plexus-cipher/1.4/plexus-cipher-1.4.jar:/home/vscode/.m2/repository/org/apache/maven/shared/file-management/3.0.0/file-management-3.0.0.jar:/home/vscode/.m2/repository/org/apache/maven/shared/maven-shared-io/3.0.0/maven-shared-io-3.0.0.jar:/home/vscode/.m2/repository/org/apache/maven/maven-compat/3.0/maven-compat-3.0.jar:/home/vscode/.m2/repository/org/sonatype/sisu/sisu-inject-plexus/1.4.2/sisu-inject-plexus-1.4.2.jar:/home/vscode/.m2/repository/org/sonatype/sisu/sisu-inject-bean/1.4.2/sisu-inject-bean-1.4.2.jar:/home/vscode/.m2/repository/org/sonatype/sisu/sisu-guice/2.1.7/sisu-guice-2.1.7-noaop.jar:/home/vscode/.m2/repository/org/apache/maven/wagon/wagon-provider-api/2.10/wagon-provider-api-2.10.jar:/home/vscode/.m2/repository/org/apache/maven/shared/maven-shared-utils/3.0.0/maven-shared-utils-3.0.0.jar:/home/vscode/.m2/repository/commons-io/commons-io/2.4/commons-io-2.4.jar:/home/vscode/.m2/repository/junit/junit/4.11/junit-4.11.jar:/home/vscode/.m2/repository/org/hamcrest/hamcrest-core/1.3/hamcrest-core-1.3.jar:/home/vscode/.m2/repository/org/assertj/assertj-core/3.9.0/assertj-core-3.9.0.jar:"/>
    <property name="java.vm.vendor" value="Ubuntu"/>
    <property name="sun.arch.data.model" value="64"/>
    <property name="java.vendor.url" value="https://ubuntu.com/"/>
    <property name="user.timezone" value=""/>
    <property name="java.vm.specification.version" value="11"/>
    <property name="os.name" value="Linux"/>
    <property name="sun.java.launcher" value="SUN_STANDARD"/>
    <property name="user.country" value="US"/>
    <property name="sun.boot.library.path" value="/usr/lib/jvm/java-11-openjdk-amd64/lib"/>
    <property name="sun.java.command" value="/workspaces/dapr-kubernetes/avro-producer/target/surefire/surefirebooter14656956588966505081.jar /workspaces/dapr-kubernetes/avro-producer/target/surefire 2021-09-27T23-22-56_779-jvmRun1 surefire7638853713996877239tmp surefire_017753283500408411274tmp"/>
    <property name="jdk.debug" value="release"/>
    <property name="surefire.test.class.path" value="/workspaces/dapr-kubernetes/avro-producer/target/test-classes:/workspaces/dapr-kubernetes/avro-producer/target/classes:/home/vscode/.m2/repository/org/apache/avro/avro/1.10.2/avro-1.10.2.jar:/home/vscode/.m2/repository/com/fasterxml/jackson/core/jackson-core/2.12.2/jackson-core-2.12.2.jar:/home/vscode/.m2/repository/com/fasterxml/jackson/core/jackson-databind/2.12.2/jackson-databind-2.12.2.jar:/home/vscode/.m2/repository/com/fasterxml/jackson/core/jackson-annotations/2.12.2/jackson-annotations-2.12.2.jar:/home/vscode/.m2/repository/org/apache/commons/commons-compress/1.20/commons-compress-1.20.jar:/home/vscode/.m2/repository/org/slf4j/slf4j-api/1.7.30/slf4j-api-1.7.30.jar:/home/vscode/.m2/repository/org/apache/avro/avro-compiler/1.10.2/avro-compiler-1.10.2.jar:/home/vscode/.m2/repository/org/apache/commons/commons-lang3/3.12.0/commons-lang3-3.12.0.jar:/home/vscode/.m2/repository/org/apache/velocity/velocity-engine-core/2.3/velocity-engine-core-2.3.jar:/home/vscode/.m2/repository/org/apache/avro/avro-maven-plugin/1.10.2/avro-maven-plugin-1.10.2.jar:/home/vscode/.m2/repository/org/apache/maven/maven-core/3.3.9/maven-core-3.3.9.jar:/home/vscode/.m2/repository/org/apache/maven/maven-model/3.3.9/maven-model-3.3.9.jar:/home/vscode/.m2/repository/org/apache/maven/maven-settings/3.3.9/maven-settings-3.3.9.jar:/home/vscode/.m2/repository/org/apache/maven/maven-settings-builder/3.3.9/maven-settings-builder-3.3.9.jar:/home/vscode/.m2/repository/org/apache/maven/maven-builder-support/3.3.9/maven-builder-support-3.3.9.jar:/home/vscode/.m2/repository/org/apache/maven/maven-repository-metadata/3.3.9/maven-repository-metadata-3.3.9.jar:/home/vscode/.m2/repository/org/apache/maven/maven-artifact/3.3.9/maven-artifact-3.3.9.jar:/home/vscode/.m2/repository/org/apache/maven/maven-plugin-api/3.3.9/maven-plugin-api-3.3.9.jar:/home/vscode/.m2/repository/org/apache/maven/maven-model-builder/3.3.9/maven-model-builder-3.3.9.jar:/home/vscode/.m2/repository/com/google/guava/guava/18.0/guava-18.0.jar:/home/vscode/.m2/repository/org/apache/maven/maven-aether-provider/3.3.9/maven-aether-provider-3.3.9.jar:/home/vscode/.m2/repository/org/eclipse/aether/aether-spi/1.0.2.v20150114/aether-spi-1.0.2.v20150114.jar:/home/vscode/.m2/repository/org/eclipse/aether/aether-impl/1.0.2.v20150114/aether-impl-1.0.2.v20150114.jar:/home/vscode/.m2/repository/org/eclipse/aether/aether-api/1.0.2.v20150114/aether-api-1.0.2.v20150114.jar:/home/vscode/.m2/repository/org/eclipse/aether/aether-util/1.0.2.v20150114/aether-util-1.0.2.v20150114.jar:/home/vscode/.m2/repository/org/eclipse/sisu/org.eclipse.sisu.plexus/0.3.2/org.eclipse.sisu.plexus-0.3.2.jar:/home/vscode/.m2/repository/javax/enterprise/cdi-api/1.0/cdi-api-1.0.jar:/home/vscode/.m2/repository/javax/annotation/jsr250-api/1.0/jsr250-api-1.0.jar:/home/vscode/.m2/repository/org/eclipse/sisu/org.eclipse.sisu.inject/0.3.2/org.eclipse.sisu.inject-0.3.2.jar:/home/vscode/.m2/repository/com/google/inject/guice/4.0/guice-4.0-no_aop.jar:/home/vscode/.m2/repository/javax/inject/javax.inject/1/javax.inject-1.jar:/home/vscode/.m2/repository/aopalliance/aopalliance/1.0/aopalliance-1.0.jar:/home/vscode/.m2/repository/org/codehaus/plexus/plexus-interpolation/1.21/plexus-interpolation-1.21.jar:/home/vscode/.m2/repository/org/codehaus/plexus/plexus-utils/3.0.22/plexus-utils-3.0.22.jar:/home/vscode/.m2/repository/org/codehaus/plexus/plexus-classworlds/2.5.2/plexus-classworlds-2.5.2.jar:/home/vscode/.m2/repository/org/codehaus/plexus/plexus-component-annotations/1.6/plexus-component-annotations-1.6.jar:/home/vscode/.m2/repository/org/sonatype/plexus/plexus-sec-dispatcher/1.3/plexus-sec-dispatcher-1.3.jar:/home/vscode/.m2/repository/org/sonatype/plexus/plexus-cipher/1.4/plexus-cipher-1.4.jar:/home/vscode/.m2/repository/org/apache/maven/shared/file-management/3.0.0/file-management-3.0.0.jar:/home/vscode/.m2/repository/org/apache/maven/shared/maven-shared-io/3.0.0/maven-shared-io-3.0.0.jar:/home/vscode/.m2/repository/org/apache/maven/maven-compat/3.0/maven-compat-3.0.jar:/home/vscode/.m2/repository/org/sonatype/sisu/sisu-inject-plexus/1.4.2/sisu-inject-plexus-1.4.2.jar:/home/vscode/.m2/repository/org/sonatype/sisu/sisu-inject-bean/1.4.2/sisu-inject-bean-1.4.2.jar:/home/vscode/.m2/repository/org/sonatype/sisu/sisu-guice/2.1.7/sisu-guice-2.1.7-noaop.jar:/home/vscode/.m2/repository/org/apache/maven/wagon/wagon-provider-api/2.10/wagon-provider-api-2.10.jar:/home/vscode/.m2/repository/org/apache/maven/shared/maven-shared-utils/3.0.0/maven-shared-utils-3.0.0.jar:/home/vscode/.m2/repository/commons-io/commons-io/2.4/commons-io-2.4.jar:/home/vscode/.m2/repository/junit/junit/4.11/junit-4.11.jar:/home/vscode/.m2/repository/org/hamcrest/hamcrest-core/1.3/hamcrest-core-1.3.jar:/home/vscode/.m2/repository/org/assertj/assertj-core/3.9.0/assertj-core-3.9.0.jar:"/>
    <property name="sun.cpu.endian" value="little"/>
    <property name="user.home" value="/home/vscode"/>
    <property name="user.language" value="en"/>
    <property name="java.specification.vendor" value="Oracle Corporation"/>
    <property name="java.version.date" value="2021-04-20"/>
    <property name="java.home" value="/usr/lib/jvm/java-11-openjdk-amd64"/>
    <property name="file.separator" value="/"/>
    <property name="basedir" value="/workspaces/dapr-kubernetes/avro-producer"/>
    <property name="java.vm.compressedOopsMode" value="32-bit"/>
    <property name="line.separator" value="&#10;"/>
    <property name="java.specification.name" value="Java Platform API Specification"/>
    <property name="java.vm.specification.vendor" value="Oracle Corporation"/>
    <property name="java.awt.graphicsenv" value="sun.awt.X11GraphicsEnvironment"/>
    <property name="surefire.real.class.path" value="/workspaces/dapr-kubernetes/avro-producer/target/surefire/surefirebooter14656956588966505081.jar"/>
    <property name="sun.management.compiler" value="HotSpot 64-Bit Tiered Compilers"/>
    <property name="java.runtime.version" value="11.0.11+9-Ubuntu-0ubuntu2.20.04"/>
    <property name="user.name" value="vscode"/>
    <property name="path.separator" value=":"/>
    <property name="os.version" value="5.4.0-1055-azure"/>
    <property name="java.runtime.name" value="OpenJDK Runtime Environment"/>
    <property name="file.encoding" value="UTF-8"/>
    <property name="java.vm.name" value="OpenJDK 64-Bit Server VM"/>
    <property name="localRepository" value="/home/vscode/.m2/repository"/>
    <property name="java.vendor.url.bug" value="https://bugs.launchpad.net/ubuntu/+source/openjdk-lts"/>
    <property name="java.io.tmpdir" value="/tmp"/>
    <property name="java.version" value="11.0.11"/>
    <property name="user.dir" value="/workspaces/dapr-kubernetes/avro-producer"/>
    <property name="os.arch" value="amd64"/>
    <property name="java.vm.specification.name" value="Java Virtual Machine Specification"/>
    <property name="java.awt.printerjob" value="sun.print.PSPrinterJob"/>
    <property name="sun.os.patch.level" value="unknown"/>
    <property name="java.library.path" value="/usr/java/packages/lib:/usr/lib/x86_64-linux-gnu/jni:/lib/x86_64-linux-gnu:/usr/lib/x86_64-linux-gnu:/usr/lib/jni:/lib:/usr/lib"/>
    <property name="java.vm.info" value="mixed mode, sharing"/>
    <property name="java.vendor" value="Ubuntu"/>
    <property name="java.vm.version" value="11.0.11+9-Ubuntu-0ubuntu2.20.04"/>
    <property name="sun.io.unicode.encoding" value="UnicodeLittle"/>
    <property name="java.class.version" value="55.0"/>
  </properties>
  <testcase name="shouldAnswerWithTrue" classname="com.example.avro.AppTest" time="0.002"/>
</testsuite>